[10-Jan-2020 09:38:12 UTC] デバッグ:「「「「「「「「「「「「「「「「「
[10-Jan-2020 09:38:12 UTC] デバッグ:ログアウトページ
[10-Jan-2020 09:38:12 UTC] デバッグ:「「「「「「「「「「「「「「「「「
[10-Jan-2020 09:38:12 UTC] デバッグ:ログアウトします
[10-Jan-2020 09:38:12 UTC] デバッグ:ログインページへ遷移します
[10-Jan-2020 12:11:46 UTC] デバッグ:「「「「「「「「「「「「「「「「「「「「「「「「「「「
[10-Jan-2020 12:11:46 UTC] デバッグ:「ログインページ「
[10-Jan-2020 12:11:46 UTC] デバッグ:「「「「「「「「「「「「「「「「「「「「「「「「「「「
[10-Jan-2020 12:11:46 UTC] デバッグ:>>>>>>>>>>>>>>>>>>>>>>> 画面処理開始
[10-Jan-2020 12:11:46 UTC] デバッグ:セッションID:jt9o69svgqusqi0kg1en3s1em5
[10-Jan-2020 12:11:46 UTC] デバッグ:セッション変数の中身:Array
(
)

[10-Jan-2020 12:11:46 UTC] デバッグ:現在日時スタンプ:1578658306
[10-Jan-2020 12:11:46 UTC] PHP Warning:  require(./functions/auth.php): failed to open stream: No such file or directory in /Applications/MAMP/htdocs/res_BBS/pages/login.php on line 9
[10-Jan-2020 12:11:46 UTC] PHP Fatal error:  require(): Failed opening required './functions/auth.php' (include_path='.:/Applications/MAMP/bin/php/php7.3.8/lib/php') in /Applications/MAMP/htdocs/res_BBS/pages/login.php on line 9
[10-Jan-2020 12:11:47 UTC] デバッグ:「「「「「「「「「「「「「「「「「「「「「「「「「「「
[10-Jan-2020 12:11:47 UTC] デバッグ:「ログインページ「
[10-Jan-2020 12:11:47 UTC] デバッグ:「「「「「「「「「「「「「「「「「「「「「「「「「「「
[10-Jan-2020 12:11:47 UTC] デバッグ:>>>>>>>>>>>>>>>>>>>>>>> 画面処理開始
[10-Jan-2020 12:11:47 UTC] デバッグ:セッションID:ofop5740qmj3pcuplmaieufhr5
[10-Jan-2020 12:11:47 UTC] デバッグ:セッション変数の中身:Array
(
)

[10-Jan-2020 12:11:47 UTC] デバッグ:現在日時スタンプ:1578658307
[10-Jan-2020 12:11:47 UTC] PHP Warning:  require(./functions/auth.php): failed to open stream: No such file or directory in /Applications/MAMP/htdocs/res_BBS/pages/login.php on line 9
[10-Jan-2020 12:11:47 UTC] PHP Fatal error:  require(): Failed opening required './functions/auth.php' (include_path='.:/Applications/MAMP/bin/php/php7.3.8/lib/php') in /Applications/MAMP/htdocs/res_BBS/pages/login.php on line 9
[10-Jan-2020 12:22:47 UTC] デバッグ:「「「「「「「「「「「「「「「「「「「「「「「「「「「
[10-Jan-2020 12:22:47 UTC] デバッグ:「ログインページ「
[10-Jan-2020 12:22:47 UTC] デバッグ:「「「「「「「「「「「「「「「「「「「「「「「「「「「
[10-Jan-2020 12:22:47 UTC] デバッグ:>>>>>>>>>>>>>>>>>>>>>>> 画面処理開始
[10-Jan-2020 12:22:47 UTC] デバッグ:セッションID:n2vus8592oh3dp72h273q4q2tb
[10-Jan-2020 12:22:47 UTC] デバッグ:セッション変数の中身:Array
(
)

[10-Jan-2020 12:22:47 UTC] デバッグ:現在日時スタンプ:1578658967
[10-Jan-2020 12:22:47 UTC] PHP Warning:  require(./functions/auth.php): failed to open stream: No such file or directory in /Applications/MAMP/htdocs/res_BBS/pages/login.php on line 9
[10-Jan-2020 12:22:47 UTC] PHP Fatal error:  require(): Failed opening required './functions/auth.php' (include_path='.:/Applications/MAMP/bin/php/php7.3.8/lib/php') in /Applications/MAMP/htdocs/res_BBS/pages/login.php on line 9
[10-Jan-2020 12:22:50 UTC] デバッグ:「「「「「「「「「「「「「「「「「「「「「「「「「「「
[10-Jan-2020 12:22:50 UTC] デバッグ:「ログインページ「
[10-Jan-2020 12:22:50 UTC] デバッグ:「「「「「「「「「「「「「「「「「「「「「「「「「「「
[10-Jan-2020 12:22:50 UTC] デバッグ:>>>>>>>>>>>>>>>>>>>>>>> 画面処理開始
[10-Jan-2020 12:22:50 UTC] デバッグ:セッションID:dljit4v6674gte6c5fpgslaidt
[10-Jan-2020 12:22:50 UTC] デバッグ:セッション変数の中身:Array
(
)

[10-Jan-2020 12:22:50 UTC] デバッグ:現在日時スタンプ:1578658970
[10-Jan-2020 12:22:50 UTC] PHP Warning:  require(./functions/auth.php): failed to open stream: No such file or directory in /Applications/MAMP/htdocs/res_BBS/pages/login.php on line 9
[10-Jan-2020 12:22:50 UTC] PHP Fatal error:  require(): Failed opening required './functions/auth.php' (include_path='.:/Applications/MAMP/bin/php/php7.3.8/lib/php') in /Applications/MAMP/htdocs/res_BBS/pages/login.php on line 9
[10-Jan-2020 12:56:55 UTC] デバッグ:「「「「「「「「「「「「「「「「「「「「「「「「「「「
[10-Jan-2020 12:56:55 UTC] デバッグ:「ログインページ「
[10-Jan-2020 12:56:55 UTC] デバッグ:「「「「「「「「「「「「「「「「「「「「「「「「「「「
[10-Jan-2020 12:56:55 UTC] デバッグ:>>>>>>>>>>>>>>>>>>>>>>> 画面処理開始
[10-Jan-2020 12:56:55 UTC] デバッグ:セッションID:f4dbtg9ir5naack2g8tqfalct6
[10-Jan-2020 12:56:55 UTC] デバッグ:セッション変数の中身:Array
(
)

[10-Jan-2020 12:56:55 UTC] デバッグ:現在日時スタンプ:1578661015
[10-Jan-2020 12:56:55 UTC] デバッグ:画面表示終了<<<<<<<<<<<<<<<<<<<<<<<<<<<<<<<<<
[11-Jan-2020 05:29:23 UTC] デバッグ:「「「「「「「「「「「「「「「「「「「「「「「「「「「
[11-Jan-2020 05:29:23 UTC] デバッグ:「ログインページ「
[11-Jan-2020 05:29:23 UTC] デバッグ:「「「「「「「「「「「「「「「「「「「「「「「「「「「
[11-Jan-2020 05:29:23 UTC] デバッグ:>>>>>>>>>>>>>>>>>>>>>>> 画面処理開始
[11-Jan-2020 05:29:23 UTC] デバッグ:セッションID:aolefeauaj1rtfrspckfn5i45k
[11-Jan-2020 05:29:23 UTC] デバッグ:セッション変数の中身:Array
(
)

[11-Jan-2020 05:29:23 UTC] デバッグ:現在日時スタンプ:1578720563
[11-Jan-2020 05:29:23 UTC] PHP Parse error:  syntax error, unexpected '}' in /Applications/MAMP/htdocs/res_BBS/pages/functions/auth.php on line 27
[11-Jan-2020 05:31:10 UTC] デバッグ:「「「「「「「「「「「「「「「「「「「「「「「「「「「
[11-Jan-2020 05:31:10 UTC] デバッグ:「ログインページ「
[11-Jan-2020 05:31:10 UTC] デバッグ:「「「「「「「「「「「「「「「「「「「「「「「「「「「
[11-Jan-2020 05:31:10 UTC] デバッグ:>>>>>>>>>>>>>>>>>>>>>>> 画面処理開始
[11-Jan-2020 05:31:10 UTC] デバッグ:セッションID:hei6190b2qv95d46iviv3srehu
[11-Jan-2020 05:31:10 UTC] デバッグ:セッション変数の中身:Array
(
)

[11-Jan-2020 05:31:10 UTC] デバッグ:現在日時スタンプ:1578720670
[11-Jan-2020 05:31:10 UTC] PHP Parse error:  syntax error, unexpected '}' in /Applications/MAMP/htdocs/res_BBS/pages/functions/auth.php on line 27
[11-Jan-2020 05:32:44 UTC] デバッグ:「「「「「「「「「「「「「「「「「「「「「「「「「「「
[11-Jan-2020 05:32:44 UTC] デバッグ:「ログインページ「
[11-Jan-2020 05:32:44 UTC] デバッグ:「「「「「「「「「「「「「「「「「「「「「「「「「「「
[11-Jan-2020 05:32:44 UTC] デバッグ:>>>>>>>>>>>>>>>>>>>>>>> 画面処理開始
[11-Jan-2020 05:32:44 UTC] デバッグ:セッションID:jpj8is6e8gmm0t5ejrtf6l099c
[11-Jan-2020 05:32:44 UTC] デバッグ:セッション変数の中身:Array
(
)

[11-Jan-2020 05:32:44 UTC] デバッグ:現在日時スタンプ:1578720764
[11-Jan-2020 05:32:44 UTC] PHP Parse error:  syntax error, unexpected '}' in /Applications/MAMP/htdocs/res_BBS/pages/functions/auth.php on line 27
[11-Jan-2020 05:32:47 UTC] デバッグ:「「「「「「「「「「「「「「「「「「「「「「「「「「「
[11-Jan-2020 05:32:47 UTC] デバッグ:「ログインページ「
[11-Jan-2020 05:32:47 UTC] デバッグ:「「「「「「「「「「「「「「「「「「「「「「「「「「「
[11-Jan-2020 05:32:47 UTC] デバッグ:>>>>>>>>>>>>>>>>>>>>>>> 画面処理開始
[11-Jan-2020 05:32:47 UTC] デバッグ:セッションID:4pg5in82u625plevromhgphugo
[11-Jan-2020 05:32:47 UTC] デバッグ:セッション変数の中身:Array
(
)

[11-Jan-2020 05:32:47 UTC] デバッグ:現在日時スタンプ:1578720767
[11-Jan-2020 05:32:47 UTC] PHP Parse error:  syntax error, unexpected '}' in /Applications/MAMP/htdocs/res_BBS/pages/functions/auth.php on line 27
[11-Jan-2020 05:35:02 UTC] デバッグ:「「「「「「「「「「「「「「「「「「「「「「「「「「「
[11-Jan-2020 05:35:02 UTC] デバッグ:「ログインページ「
[11-Jan-2020 05:35:02 UTC] デバッグ:「「「「「「「「「「「「「「「「「「「「「「「「「「「
[11-Jan-2020 05:35:02 UTC] デバッグ:>>>>>>>>>>>>>>>>>>>>>>> 画面処理開始
[11-Jan-2020 05:35:02 UTC] デバッグ:セッションID:9v71a8n5an3ob0v3t6491ugcd0
[11-Jan-2020 05:35:02 UTC] デバッグ:セッション変数の中身:Array
(
)

[11-Jan-2020 05:35:02 UTC] デバッグ:現在日時スタンプ:1578720902
[11-Jan-2020 05:35:02 UTC] デバッグ:未ログインユーザーです
[11-Jan-2020 05:35:02 UTC] デバッグ:画面表示終了<<<<<<<<<<<<<<<<<<<<<<<<<<<<<<<<<
[11-Jan-2020 05:35:15 UTC] デバッグ:「「「「「「「「「「「「「「「「「「「「「「「「「「「
[11-Jan-2020 05:35:15 UTC] デバッグ:「ログインページ「
[11-Jan-2020 05:35:15 UTC] デバッグ:「「「「「「「「「「「「「「「「「「「「「「「「「「「
[11-Jan-2020 05:35:15 UTC] デバッグ:>>>>>>>>>>>>>>>>>>>>>>> 画面処理開始
[11-Jan-2020 05:35:15 UTC] デバッグ:セッションID:akia00j1r6etdej7eb0c5v1b51
[11-Jan-2020 05:35:15 UTC] デバッグ:セッション変数の中身:Array
(
)

[11-Jan-2020 05:35:15 UTC] デバッグ:現在日時スタンプ:1578720915
[11-Jan-2020 05:35:15 UTC] デバッグ:未ログインユーザーです
[11-Jan-2020 05:35:15 UTC] デバッグ:ポスト送信があります
[11-Jan-2020 05:35:15 UTC] デバッグ:バリデーションチェック完了
[11-Jan-2020 05:35:15 UTC] デバッグ:クエリ成功
[11-Jan-2020 05:35:15 UTC] デバッグ:クエリ結果の中身:Array
(
    [password] =>  828828
    [id] => 4
)

[11-Jan-2020 05:35:15 UTC] デバッグ:パスワードがアンマッチです
[11-Jan-2020 05:35:15 UTC] デバッグ:画面表示終了<<<<<<<<<<<<<<<<<<<<<<<<<<<<<<<<<
[11-Jan-2020 05:35:15 UTC] PHP Notice:  Undefined index: email in /Applications/MAMP/htdocs/res_BBS/pages/login.php on line 106
[11-Jan-2020 05:35:15 UTC] PHP Notice:  Undefined index: pass in /Applications/MAMP/htdocs/res_BBS/pages/login.php on line 110
[11-Jan-2020 05:35:43 UTC] デバッグ:「「「「「「「「「「「「「「「「「「「「「「「「「「「
[11-Jan-2020 05:35:43 UTC] デバッグ:「ログインページ「
[11-Jan-2020 05:35:43 UTC] デバッグ:「「「「「「「「「「「「「「「「「「「「「「「「「「「
[11-Jan-2020 05:35:43 UTC] デバッグ:>>>>>>>>>>>>>>>>>>>>>>> 画面処理開始
[11-Jan-2020 05:35:43 UTC] デバッグ:セッションID:h6233dc6aqrpku5qoniko4f3ip
[11-Jan-2020 05:35:43 UTC] デバッグ:セッション変数の中身:Array
(
)

[11-Jan-2020 05:35:43 UTC] デバッグ:現在日時スタンプ:1578720943
[11-Jan-2020 05:35:43 UTC] デバッグ:未ログインユーザーです
[11-Jan-2020 05:35:43 UTC] デバッグ:ポスト送信があります
[11-Jan-2020 05:35:43 UTC] デバッグ:バリデーションチェック完了
[11-Jan-2020 05:35:43 UTC] デバッグ:クエリ成功
[11-Jan-2020 05:35:43 UTC] デバッグ:クエリ結果の中身:Array
(
    [password] =>  828828
    [id] => 4
)

[11-Jan-2020 05:35:43 UTC] デバッグ:パスワードがアンマッチです
[11-Jan-2020 05:35:43 UTC] デバッグ:画面表示終了<<<<<<<<<<<<<<<<<<<<<<<<<<<<<<<<<
[11-Jan-2020 05:35:43 UTC] PHP Notice:  Undefined index: email in /Applications/MAMP/htdocs/res_BBS/pages/login.php on line 106
[11-Jan-2020 05:35:43 UTC] PHP Notice:  Undefined index: pass in /Applications/MAMP/htdocs/res_BBS/pages/login.php on line 110
[11-Jan-2020 05:43:27 UTC] デバッグ:「「「「「「「「「「「「「「「「「「「「「「「「「「「
[11-Jan-2020 05:43:27 UTC] デバッグ:「ログインページ「
[11-Jan-2020 05:43:27 UTC] デバッグ:「「「「「「「「「「「「「「「「「「「「「「「「「「「
[11-Jan-2020 05:43:27 UTC] デバッグ:>>>>>>>>>>>>>>>>>>>>>>> 画面処理開始
[11-Jan-2020 05:43:27 UTC] デバッグ:セッションID:ocj75nc00e8c57l6ag91js1org
[11-Jan-2020 05:43:27 UTC] デバッグ:セッション変数の中身:Array
(
)

[11-Jan-2020 05:43:27 UTC] デバッグ:現在日時スタンプ:1578721407
[11-Jan-2020 05:43:27 UTC] デバッグ:未ログインユーザーです
[11-Jan-2020 05:43:27 UTC] デバッグ:画面表示終了<<<<<<<<<<<<<<<<<<<<<<<<<<<<<<<<<
[11-Jan-2020 05:43:27 UTC] PHP Notice:  Undefined variable: result in /Applications/MAMP/htdocs/res_BBS/pages/login.php on line 104
[11-Jan-2020 05:43:37 UTC] デバッグ:「「「「「「「「「「「「「「「「「「「「「「「「「「「
[11-Jan-2020 05:43:37 UTC] デバッグ:「ログインページ「
[11-Jan-2020 05:43:37 UTC] デバッグ:「「「「「「「「「「「「「「「「「「「「「「「「「「「
[11-Jan-2020 05:43:37 UTC] デバッグ:>>>>>>>>>>>>>>>>>>>>>>> 画面処理開始
[11-Jan-2020 05:43:37 UTC] デバッグ:セッションID:rpq5uccr6bvr441sov91d3hq2n
[11-Jan-2020 05:43:37 UTC] デバッグ:セッション変数の中身:Array
(
)

[11-Jan-2020 05:43:37 UTC] デバッグ:現在日時スタンプ:1578721417
[11-Jan-2020 05:43:37 UTC] デバッグ:未ログインユーザーです
[11-Jan-2020 05:43:37 UTC] デバッグ:ポスト送信があります
[11-Jan-2020 05:43:37 UTC] デバッグ:バリデーションチェック完了
[11-Jan-2020 05:43:37 UTC] デバッグ:クエリ成功
[11-Jan-2020 05:43:37 UTC] デバッグ:クエリ結果の中身:Array
(
    [password] =>  828828
    [id] => 4
)

[11-Jan-2020 05:43:37 UTC] デバッグ:パスワードがアンマッチです
[11-Jan-2020 05:43:37 UTC] デバッグ:画面表示終了<<<<<<<<<<<<<<<<<<<<<<<<<<<<<<<<<
[11-Jan-2020 05:43:37 UTC] PHP Notice:  Undefined index: email in /Applications/MAMP/htdocs/res_BBS/pages/login.php on line 107
[11-Jan-2020 05:43:37 UTC] PHP Notice:  Undefined index: pass in /Applications/MAMP/htdocs/res_BBS/pages/login.php on line 111
[11-Jan-2020 05:52:52 UTC] デバッグ:「「「「「「「「「「「「「「「「
[11-Jan-2020 05:52:52 UTC] デバッグ:ユーザー登録ページ
[11-Jan-2020 05:52:52 UTC] デバッグ:「「「「「「「「「「「「「「「「
[11-Jan-2020 05:52:52 UTC] デバッグ:>>>>>>>>>>>>>>>>>>>>>>> 画面処理開始
[11-Jan-2020 05:52:52 UTC] デバッグ:セッションID:htsq9spdcohrffell3742rd6pu
[11-Jan-2020 05:52:52 UTC] デバッグ:セッション変数の中身:Array
(
)

[11-Jan-2020 05:52:52 UTC] デバッグ:現在日時スタンプ:1578721972
[11-Jan-2020 05:53:17 UTC] デバッグ:「「「「「「「「「「「「「「「「
[11-Jan-2020 05:53:17 UTC] デバッグ:ユーザー登録ページ
[11-Jan-2020 05:53:17 UTC] デバッグ:「「「「「「「「「「「「「「「「
[11-Jan-2020 05:53:17 UTC] デバッグ:>>>>>>>>>>>>>>>>>>>>>>> 画面処理開始
[11-Jan-2020 05:53:17 UTC] デバッグ:セッションID:mre5kslduje879icmlm87efu0s
[11-Jan-2020 05:53:17 UTC] デバッグ:セッション変数の中身:Array
(
)

[11-Jan-2020 05:53:17 UTC] デバッグ:現在日時スタンプ:1578721997
[11-Jan-2020 05:53:17 UTC] デバッグ:クエリ成功
[11-Jan-2020 05:53:18 UTC] デバッグ:クエリ成功
[11-Jan-2020 05:53:18 UTC] デバッグ:セッション変数の中:Array
(
    [login_date] => 1578721998
    [login_limit] => 3600
    [user_id] => 8
)

[11-Jan-2020 05:55:12 UTC] デバッグ:「「「「「「「「「「「「「「「「「
[11-Jan-2020 05:55:12 UTC] デバッグ:ログアウトページ
[11-Jan-2020 05:55:12 UTC] デバッグ:「「「「「「「「「「「「「「「「「
[11-Jan-2020 05:55:12 UTC] デバッグ:ログアウトします
[11-Jan-2020 05:55:12 UTC] デバッグ:ログインページへ遷移します
[11-Jan-2020 05:55:12 UTC] デバッグ:「「「「「「「「「「「「「「「「「「「「「「「「「「「
[11-Jan-2020 05:55:12 UTC] デバッグ:「ログインページ「
[11-Jan-2020 05:55:12 UTC] デバッグ:「「「「「「「「「「「「「「「「「「「「「「「「「「「
[11-Jan-2020 05:55:12 UTC] デバッグ:>>>>>>>>>>>>>>>>>>>>>>> 画面処理開始
[11-Jan-2020 05:55:12 UTC] デバッグ:セッションID:7s0bab9gfogrr2se8ji9ob0l2q
[11-Jan-2020 05:55:12 UTC] デバッグ:セッション変数の中身:Array
(
)

[11-Jan-2020 05:55:12 UTC] デバッグ:現在日時スタンプ:1578722112
[11-Jan-2020 05:55:12 UTC] デバッグ:未ログインユーザーです
[11-Jan-2020 05:55:12 UTC] デバッグ:画面表示終了<<<<<<<<<<<<<<<<<<<<<<<<<<<<<<<<<
[11-Jan-2020 05:55:12 UTC] PHP Notice:  Undefined variable: result in /Applications/MAMP/htdocs/res_BBS/pages/login.php on line 104
[11-Jan-2020 05:58:30 UTC] デバッグ:「「「「「「「「「「「「「「「「「「「「「「「「「「「
[11-Jan-2020 05:58:30 UTC] デバッグ:「ログインページ「
[11-Jan-2020 05:58:30 UTC] デバッグ:「「「「「「「「「「「「「「「「「「「「「「「「「「「
[11-Jan-2020 05:58:30 UTC] デバッグ:>>>>>>>>>>>>>>>>>>>>>>> 画面処理開始
[11-Jan-2020 05:58:30 UTC] デバッグ:セッションID:dpa7dfju7frv36952k564m0o6s
[11-Jan-2020 05:58:30 UTC] デバッグ:セッション変数の中身:Array
(
)

[11-Jan-2020 05:58:30 UTC] デバッグ:現在日時スタンプ:1578722310
[11-Jan-2020 05:58:30 UTC] デバッグ:未ログインユーザーです
[11-Jan-2020 05:58:30 UTC] デバッグ:ポスト送信があります
[11-Jan-2020 05:58:30 UTC] デバッグ:バリデーションチェック完了
[11-Jan-2020 05:58:30 UTC] デバッグ:クエリ成功
[11-Jan-2020 05:58:30 UTC] デバッグ:クエリ結果の中身:Array
(
    [password] => $2y$10$iZFx77JlfZPfVqHwECybiumzg9N6MrCECmrQwJIh9Esihg2BkFlJ6
    [id] => 8
)

[11-Jan-2020 05:58:30 UTC] デバッグ:パスワードがマッチしました
[11-Jan-2020 05:58:30 UTC] デバッグ:ログイン保持がチェックされていません
[11-Jan-2020 05:58:30 UTC] デバッグ:セッション変数の中身:Array
(
    [login_date] => 1578722310
    [login_limit] => 3600
    [user_id] => 8
)

[11-Jan-2020 05:58:30 UTC] デバッグ:マイページへ遷移します
[11-Jan-2020 05:58:30 UTC] デバッグ:画面表示終了<<<<<<<<<<<<<<<<<<<<<<<<<<<<<<<<<
[11-Jan-2020 05:59:48 UTC] デバッグ:「「「「「「「「「「「「「「「「「
[11-Jan-2020 05:59:48 UTC] デバッグ:ログアウトページ
[11-Jan-2020 05:59:48 UTC] デバッグ:「「「「「「「「「「「「「「「「「
[11-Jan-2020 05:59:48 UTC] デバッグ:ログアウトします
[11-Jan-2020 05:59:48 UTC] デバッグ:ログインページへ遷移します
[11-Jan-2020 05:59:48 UTC] デバッグ:「「「「「「「「「「「「「「「「「「「「「「「「「「「
[11-Jan-2020 05:59:48 UTC] デバッグ:「ログインページ「
[11-Jan-2020 05:59:48 UTC] デバッグ:「「「「「「「「「「「「「「「「「「「「「「「「「「「
[11-Jan-2020 05:59:48 UTC] デバッグ:>>>>>>>>>>>>>>>>>>>>>>> 画面処理開始
[11-Jan-2020 05:59:48 UTC] デバッグ:セッションID:p82smo3n3dd4qkavs7kb693g3i
[11-Jan-2020 05:59:48 UTC] デバッグ:セッション変数の中身:Array
(
)

[11-Jan-2020 05:59:48 UTC] デバッグ:現在日時スタンプ:1578722388
[11-Jan-2020 05:59:48 UTC] デバッグ:未ログインユーザーです
[11-Jan-2020 05:59:48 UTC] デバッグ:画面表示終了<<<<<<<<<<<<<<<<<<<<<<<<<<<<<<<<<
[11-Jan-2020 05:59:48 UTC] PHP Notice:  Undefined variable: result in /Applications/MAMP/htdocs/res_BBS/pages/login.php on line 104
[11-Jan-2020 06:01:24 UTC] デバッグ:「「「「「「「「「「「「「「「「「「「「「「「「「「「
[11-Jan-2020 06:01:24 UTC] デバッグ:「ログインページ「
[11-Jan-2020 06:01:24 UTC] デバッグ:「「「「「「「「「「「「「「「「「「「「「「「「「「「
[11-Jan-2020 06:01:24 UTC] デバッグ:>>>>>>>>>>>>>>>>>>>>>>> 画面処理開始
[11-Jan-2020 06:01:24 UTC] デバッグ:セッションID:oppghsbevmtgs8qllht4ff222a
[11-Jan-2020 06:01:24 UTC] デバッグ:セッション変数の中身:Array
(
)

[11-Jan-2020 06:01:24 UTC] デバッグ:現在日時スタンプ:1578722484
[11-Jan-2020 06:01:24 UTC] デバッグ:未ログインユーザーです
[11-Jan-2020 06:01:24 UTC] デバッグ:画面表示終了<<<<<<<<<<<<<<<<<<<<<<<<<<<<<<<<<
[12-Jan-2020 05:02:25 UTC] デバッグ:「「「「「「「「「「「「「「「「「「「「「「「「「「「
[12-Jan-2020 05:02:25 UTC] デバッグ:「ログインページ「
[12-Jan-2020 05:02:25 UTC] デバッグ:「「「「「「「「「「「「「「「「「「「「「「「「「「「
[12-Jan-2020 05:02:25 UTC] デバッグ:>>>>>>>>>>>>>>>>>>>>>>> 画面処理開始
[12-Jan-2020 05:02:25 UTC] デバッグ:セッションID:roqf79mu2tfqmq8ctsi4ehkq6r
[12-Jan-2020 05:02:25 UTC] デバッグ:セッション変数の中身:Array
(
)

[12-Jan-2020 05:02:25 UTC] デバッグ:現在日時スタンプ:1578805345
[12-Jan-2020 05:02:25 UTC] デバッグ:未ログインユーザーです
[12-Jan-2020 05:02:25 UTC] デバッグ:ポスト送信があります
[12-Jan-2020 05:02:25 UTC] デバッグ:バリデーションチェック完了
[12-Jan-2020 05:02:25 UTC] デバッグ:クエリ成功
[12-Jan-2020 05:02:25 UTC] デバッグ:クエリ結果の中身:Array
(
    [password] => $2y$10$iZFx77JlfZPfVqHwECybiumzg9N6MrCECmrQwJIh9Esihg2BkFlJ6
    [id] => 8
)

[12-Jan-2020 05:02:25 UTC] デバッグ:パスワードがマッチしました
[12-Jan-2020 05:02:25 UTC] デバッグ:ログイン保持がチェックされていません
[12-Jan-2020 05:02:25 UTC] デバッグ:セッション変数の中身:Array
(
    [login_date] => 1578805345
    [login_limit] => 3600
    [user_id] => 8
)

[12-Jan-2020 05:02:25 UTC] デバッグ:マイページへ遷移します
[12-Jan-2020 05:02:25 UTC] デバッグ:画面表示終了<<<<<<<<<<<<<<<<<<<<<<<<<<<<<<<<<
[12-Jan-2020 05:03:07 UTC] デバッグ:「「「「「「「「「「「「「「「「「
[12-Jan-2020 05:03:07 UTC] デバッグ:ログアウトページ
[12-Jan-2020 05:03:07 UTC] デバッグ:「「「「「「「「「「「「「「「「「
[12-Jan-2020 05:03:07 UTC] デバッグ:ログアウトします
[12-Jan-2020 05:03:07 UTC] デバッグ:ログインページへ遷移します
[12-Jan-2020 05:03:07 UTC] デバッグ:「「「「「「「「「「「「「「「「「「「「「「「「「「「
[12-Jan-2020 05:03:07 UTC] デバッグ:「ログインページ「
[12-Jan-2020 05:03:07 UTC] デバッグ:「「「「「「「「「「「「「「「「「「「「「「「「「「「
[12-Jan-2020 05:03:07 UTC] デバッグ:>>>>>>>>>>>>>>>>>>>>>>> 画面処理開始
[12-Jan-2020 05:03:07 UTC] デバッグ:セッションID:8ldltppffjf931qmkmqh0fij6m
[12-Jan-2020 05:03:07 UTC] デバッグ:セッション変数の中身:Array
(
)

[12-Jan-2020 05:03:07 UTC] デバッグ:現在日時スタンプ:1578805387
[12-Jan-2020 05:03:07 UTC] デバッグ:未ログインユーザーです
[12-Jan-2020 05:03:07 UTC] デバッグ:画面表示終了<<<<<<<<<<<<<<<<<<<<<<<<<<<<<<<<<
[12-Jan-2020 05:03:14 UTC] デバッグ:「「「「「「「「「「「「「「「「「「「「「「「「「「「
[12-Jan-2020 05:03:14 UTC] デバッグ:「ログインページ「
[12-Jan-2020 05:03:14 UTC] デバッグ:「「「「「「「「「「「「「「「「「「「「「「「「「「「
[12-Jan-2020 05:03:14 UTC] デバッグ:>>>>>>>>>>>>>>>>>>>>>>> 画面処理開始
[12-Jan-2020 05:03:14 UTC] デバッグ:セッションID:avps9j4j2ue2qqmsiiurm1s2cg
[12-Jan-2020 05:03:14 UTC] デバッグ:セッション変数の中身:Array
(
)

[12-Jan-2020 05:03:14 UTC] デバッグ:現在日時スタンプ:1578805394
[12-Jan-2020 05:03:14 UTC] デバッグ:未ログインユーザーです
[12-Jan-2020 05:03:14 UTC] デバッグ:ポスト送信があります
[12-Jan-2020 05:03:14 UTC] デバッグ:バリデーションチェック完了
[12-Jan-2020 05:03:14 UTC] デバッグ:クエリ成功
[12-Jan-2020 05:03:14 UTC] デバッグ:クエリ結果の中身:Array
(
    [password] => $2y$10$iZFx77JlfZPfVqHwECybiumzg9N6MrCECmrQwJIh9Esihg2BkFlJ6
    [id] => 8
)

[12-Jan-2020 05:03:14 UTC] デバッグ:パスワードがマッチしました
[12-Jan-2020 05:03:14 UTC] デバッグ:ログイン保持がチェックされていません
[12-Jan-2020 05:03:14 UTC] デバッグ:セッション変数の中身:Array
(
    [login_date] => 1578805394
    [login_limit] => 3600
    [user_id] => 8
)

[12-Jan-2020 05:03:14 UTC] デバッグ:マイページへ遷移します
[12-Jan-2020 05:03:14 UTC] デバッグ:画面表示終了<<<<<<<<<<<<<<<<<<<<<<<<<<<<<<<<<
[12-Jan-2020 05:06:04 UTC] デバッグ:ログイン済みのユーザーです
[12-Jan-2020 05:06:04 UTC] デバッグ:ログイン有効期限内です
[12-Jan-2020 05:06:31 UTC] デバッグ:ログイン済みのユーザーです
[12-Jan-2020 05:06:31 UTC] デバッグ:ログイン有効期限内です
[12-Jan-2020 05:13:34 UTC] デバッグ:「「「「「「「「「「「「「「「「「
[12-Jan-2020 05:13:34 UTC] デバッグ:ログアウトページ
[12-Jan-2020 05:13:34 UTC] デバッグ:「「「「「「「「「「「「「「「「「
[12-Jan-2020 05:13:34 UTC] デバッグ:ログアウトします
[12-Jan-2020 05:13:34 UTC] デバッグ:ログインページへ遷移します
[12-Jan-2020 05:13:34 UTC] デバッグ:「「「「「「「「「「「「「「「「「「「「「「「「「「「
[12-Jan-2020 05:13:34 UTC] デバッグ:「ログインページ「
[12-Jan-2020 05:13:34 UTC] デバッグ:「「「「「「「「「「「「「「「「「「「「「「「「「「「
[12-Jan-2020 05:13:34 UTC] デバッグ:>>>>>>>>>>>>>>>>>>>>>>> 画面処理開始
[12-Jan-2020 05:13:34 UTC] デバッグ:セッションID:n6bcro28vs242hiptc964ls1m2
[12-Jan-2020 05:13:34 UTC] デバッグ:セッション変数の中身:Array
(
)

[12-Jan-2020 05:13:34 UTC] デバッグ:現在日時スタンプ:1578806014
[12-Jan-2020 05:13:34 UTC] デバッグ:未ログインユーザーです
[12-Jan-2020 05:13:34 UTC] デバッグ:画面表示終了<<<<<<<<<<<<<<<<<<<<<<<<<<<<<<<<<
[12-Jan-2020 05:13:47 UTC] デバッグ:「「「「「「「「「「「「「「「「「「「「「「「「「「「
[12-Jan-2020 05:13:47 UTC] デバッグ:「ログインページ「
[12-Jan-2020 05:13:47 UTC] デバッグ:「「「「「「「「「「「「「「「「「「「「「「「「「「「
[12-Jan-2020 05:13:47 UTC] デバッグ:>>>>>>>>>>>>>>>>>>>>>>> 画面処理開始
[12-Jan-2020 05:13:47 UTC] デバッグ:セッションID:pi0eetjj33bmrmlb1rpgq3l76q
[12-Jan-2020 05:13:47 UTC] デバッグ:セッション変数の中身:Array
(
)

[12-Jan-2020 05:13:47 UTC] デバッグ:現在日時スタンプ:1578806027
[12-Jan-2020 05:13:47 UTC] デバッグ:未ログインユーザーです
[12-Jan-2020 05:13:47 UTC] デバッグ:ポスト送信があります
[12-Jan-2020 05:13:47 UTC] デバッグ:バリデーションチェック完了
[12-Jan-2020 05:13:47 UTC] デバッグ:クエリ成功
[12-Jan-2020 05:13:47 UTC] デバッグ:クエリ結果の中身:Array
(
    [password] => $2y$10$iZFx77JlfZPfVqHwECybiumzg9N6MrCECmrQwJIh9Esihg2BkFlJ6
    [id] => 8
)

[12-Jan-2020 05:13:47 UTC] デバッグ:パスワードがマッチしました
[12-Jan-2020 05:13:47 UTC] デバッグ:ログイン保持がチェックされています
[12-Jan-2020 05:13:47 UTC] デバッグ:セッション変数の中身:Array
(
    [login_date] => 1578806027
    [login_limit] => 2592000
    [user_id] => 8
)

[12-Jan-2020 05:13:47 UTC] デバッグ:マイページへ遷移します
[12-Jan-2020 05:13:47 UTC] デバッグ:画面表示終了<<<<<<<<<<<<<<<<<<<<<<<<<<<<<<<<<
[12-Jan-2020 05:13:47 UTC] デバッグ:ログイン済みのユーザーです
[12-Jan-2020 05:13:47 UTC] デバッグ:ログイン有効期限内です
[12-Jan-2020 05:17:28 UTC] デバッグ:ログイン済みのユーザーです
[12-Jan-2020 05:17:28 UTC] デバッグ:ログイン有効期限内です
[12-Jan-2020 05:17:30 UTC] デバッグ:「「「「「「「「「「「「「「「「「
[12-Jan-2020 05:17:30 UTC] デバッグ:ログアウトページ
[12-Jan-2020 05:17:30 UTC] デバッグ:「「「「「「「「「「「「「「「「「
[12-Jan-2020 05:17:30 UTC] デバッグ:ログアウトします
[12-Jan-2020 05:17:30 UTC] デバッグ:ログインページへ遷移します
[12-Jan-2020 05:17:30 UTC] デバッグ:「「「「「「「「「「「「「「「「「「「「「「「「「「「
[12-Jan-2020 05:17:30 UTC] デバッグ:「ログインページ「
[12-Jan-2020 05:17:30 UTC] デバッグ:「「「「「「「「「「「「「「「「「「「「「「「「「「「
[12-Jan-2020 05:17:30 UTC] デバッグ:>>>>>>>>>>>>>>>>>>>>>>> 画面処理開始
[12-Jan-2020 05:17:30 UTC] デバッグ:セッションID:htjigqtk3d1i25met55tspbd79
[12-Jan-2020 05:17:30 UTC] デバッグ:セッション変数の中身:Array
(
)

[12-Jan-2020 05:17:30 UTC] デバッグ:現在日時スタンプ:1578806250
[12-Jan-2020 05:17:30 UTC] デバッグ:未ログインユーザーです
[12-Jan-2020 05:17:30 UTC] デバッグ:画面表示終了<<<<<<<<<<<<<<<<<<<<<<<<<<<<<<<<<
[12-Jan-2020 06:37:02 UTC] デバッグ:「「「「「「「「「「「「「「「「「「「「「「「「「「「
[12-Jan-2020 06:37:02 UTC] デバッグ:「ログインページ「
[12-Jan-2020 06:37:02 UTC] デバッグ:「「「「「「「「「「「「「「「「「「「「「「「「「「「
[12-Jan-2020 06:37:02 UTC] デバッグ:>>>>>>>>>>>>>>>>>>>>>>> 画面処理開始
[12-Jan-2020 06:37:02 UTC] デバッグ:セッションID:efce207nh2cpgra15r28883rur
[12-Jan-2020 06:37:02 UTC] デバッグ:セッション変数の中身:Array
(
)

[12-Jan-2020 06:37:02 UTC] デバッグ:現在日時スタンプ:1578811022
[12-Jan-2020 06:37:02 UTC] デバッグ:未ログインユーザーです
[12-Jan-2020 06:37:02 UTC] デバッグ:画面表示終了<<<<<<<<<<<<<<<<<<<<<<<<<<<<<<<<<
[12-Jan-2020 06:37:10 UTC] デバッグ:「「「「「「「「「「「「「「「「「「「「「「「「「「「
[12-Jan-2020 06:37:10 UTC] デバッグ:「ログインページ「
[12-Jan-2020 06:37:10 UTC] デバッグ:「「「「「「「「「「「「「「「「「「「「「「「「「「「
[12-Jan-2020 06:37:10 UTC] デバッグ:>>>>>>>>>>>>>>>>>>>>>>> 画面処理開始
[12-Jan-2020 06:37:10 UTC] デバッグ:セッションID:i87nq5pcoid91lfop8ao4kppls
[12-Jan-2020 06:37:10 UTC] デバッグ:セッション変数の中身:Array
(
)

[12-Jan-2020 06:37:10 UTC] デバッグ:現在日時スタンプ:1578811030
[12-Jan-2020 06:37:10 UTC] デバッグ:未ログインユーザーです
[12-Jan-2020 06:37:10 UTC] デバッグ:ポスト送信があります
[12-Jan-2020 06:37:10 UTC] デバッグ:バリデーションチェック完了
[12-Jan-2020 06:37:10 UTC] デバッグ:クエリ成功
[12-Jan-2020 06:37:10 UTC] デバッグ:クエリ結果の中身:Array
(
    [password] => $2y$10$iZFx77JlfZPfVqHwECybiumzg9N6MrCECmrQwJIh9Esihg2BkFlJ6
    [id] => 8
)

[12-Jan-2020 06:37:10 UTC] デバッグ:パスワードがマッチしました
[12-Jan-2020 06:37:10 UTC] デバッグ:ログイン保持がチェックされていません
[12-Jan-2020 06:37:10 UTC] デバッグ:セッション変数の中身:Array
(
    [login_date] => 1578811030
    [login_limit] => 3600
    [user_id] => 8
)

[12-Jan-2020 06:37:10 UTC] デバッグ:マイページへ遷移します
[12-Jan-2020 06:37:10 UTC] デバッグ:画面表示終了<<<<<<<<<<<<<<<<<<<<<<<<<<<<<<<<<
[12-Jan-2020 06:37:10 UTC] デバッグ:ログイン済みのユーザーです
[12-Jan-2020 06:37:10 UTC] デバッグ:ログイン有効期限内です
[12-Jan-2020 07:01:16 UTC] デバッグ:ログイン済みのユーザーです
[12-Jan-2020 07:01:16 UTC] デバッグ:ログイン有効期限内です
[12-Jan-2020 07:01:18 UTC] デバッグ:ログイン済みのユーザーです
[12-Jan-2020 07:01:18 UTC] デバッグ:ログイン有効期限内です
[12-Jan-2020 07:01:20 UTC] デバッグ:「「「「「「「「「「「「「「「「「
[12-Jan-2020 07:01:20 UTC] デバッグ:ログアウトページ
[12-Jan-2020 07:01:20 UTC] デバッグ:「「「「「「「「「「「「「「「「「
[12-Jan-2020 07:01:20 UTC] デバッグ:ログアウトします
[12-Jan-2020 07:01:20 UTC] デバッグ:ログインページへ遷移します
[12-Jan-2020 07:01:20 UTC] デバッグ:「「「「「「「「「「「「「「「「「「「「「「「「「「「
[12-Jan-2020 07:01:20 UTC] デバッグ:「ログインページ「
[12-Jan-2020 07:01:20 UTC] デバッグ:「「「「「「「「「「「「「「「「「「「「「「「「「「「
[12-Jan-2020 07:01:20 UTC] デバッグ:>>>>>>>>>>>>>>>>>>>>>>> 画面処理開始
[12-Jan-2020 07:01:20 UTC] デバッグ:セッションID:lmdvk2sk46c92abbvirdlpq0s6
[12-Jan-2020 07:01:20 UTC] デバッグ:セッション変数の中身:Array
(
)

[12-Jan-2020 07:01:20 UTC] デバッグ:現在日時スタンプ:1578812480
[12-Jan-2020 07:01:20 UTC] デバッグ:未ログインユーザーです
[12-Jan-2020 07:01:20 UTC] デバッグ:画面表示終了<<<<<<<<<<<<<<<<<<<<<<<<<<<<<<<<<
[12-Jan-2020 07:01:24 UTC] デバッグ:未ログインユーザーです
[12-Jan-2020 07:01:24 UTC] デバッグ:「「「「「「「「「「「「「「「「「「「「「「「「「「「
[12-Jan-2020 07:01:24 UTC] デバッグ:「ログインページ「
[12-Jan-2020 07:01:24 UTC] デバッグ:「「「「「「「「「「「「「「「「「「「「「「「「「「「
[12-Jan-2020 07:01:24 UTC] デバッグ:>>>>>>>>>>>>>>>>>>>>>>> 画面処理開始
[12-Jan-2020 07:01:24 UTC] デバッグ:セッションID:rr2jcoibqdgtu5llq8f3ikusi0
[12-Jan-2020 07:01:24 UTC] デバッグ:セッション変数の中身:Array
(
)

[12-Jan-2020 07:01:24 UTC] デバッグ:現在日時スタンプ:1578812484
[12-Jan-2020 07:01:24 UTC] デバッグ:未ログインユーザーです
[12-Jan-2020 07:01:24 UTC] デバッグ:画面表示終了<<<<<<<<<<<<<<<<<<<<<<<<<<<<<<<<<
[12-Jan-2020 07:01:42 UTC] デバッグ:「「「「「「「「「「「「「「「「「「「「「「「「「「「
[12-Jan-2020 07:01:42 UTC] デバッグ:「ログインページ「
[12-Jan-2020 07:01:42 UTC] デバッグ:「「「「「「「「「「「「「「「「「「「「「「「「「「「
[12-Jan-2020 07:01:42 UTC] デバッグ:>>>>>>>>>>>>>>>>>>>>>>> 画面処理開始
[12-Jan-2020 07:01:42 UTC] デバッグ:セッションID:augtkat7k5v17gvumg2v92l9qk
[12-Jan-2020 07:01:42 UTC] デバッグ:セッション変数の中身:Array
(
)

[12-Jan-2020 07:01:42 UTC] デバッグ:現在日時スタンプ:1578812502
[12-Jan-2020 07:01:42 UTC] デバッグ:未ログインユーザーです
[12-Jan-2020 07:01:42 UTC] デバッグ:画面表示終了<<<<<<<<<<<<<<<<<<<<<<<<<<<<<<<<<
[13-Jan-2020 23:39:23 UTC] デバッグ:「「「「「「「「「「「「「「「「「「「「「「「「「「「
[13-Jan-2020 23:39:23 UTC] デバッグ:「ログインページ「
[13-Jan-2020 23:39:23 UTC] デバッグ:「「「「「「「「「「「「「「「「「「「「「「「「「「「
[13-Jan-2020 23:39:23 UTC] デバッグ:>>>>>>>>>>>>>>>>>>>>>>> 画面処理開始
[13-Jan-2020 23:39:23 UTC] デバッグ:セッションID:q2d3j2gffgedlbi9oscsbh59b7
[13-Jan-2020 23:39:23 UTC] デバッグ:セッション変数の中身:Array
(
)

[13-Jan-2020 23:39:23 UTC] デバッグ:現在日時スタンプ:1578958763
[13-Jan-2020 23:39:23 UTC] デバッグ:未ログインユーザーです
[13-Jan-2020 23:39:23 UTC] デバッグ:画面表示終了<<<<<<<<<<<<<<<<<<<<<<<<<<<<<<<<<
[13-Jan-2020 23:39:27 UTC] デバッグ:未ログインユーザーです
[13-Jan-2020 23:39:38 UTC] デバッグ:「「「「「「「「「「「「「「「「「「「「「「「「「「「
[13-Jan-2020 23:39:38 UTC] デバッグ:「ログインページ「
[13-Jan-2020 23:39:38 UTC] デバッグ:「「「「「「「「「「「「「「「「「「「「「「「「「「「
[13-Jan-2020 23:39:38 UTC] デバッグ:>>>>>>>>>>>>>>>>>>>>>>> 画面処理開始
[13-Jan-2020 23:39:38 UTC] デバッグ:セッションID:1aqfk4g84ongsi2lv855uqc5ev
[13-Jan-2020 23:39:38 UTC] デバッグ:セッション変数の中身:Array
(
)

[13-Jan-2020 23:39:38 UTC] デバッグ:現在日時スタンプ:1578958778
[13-Jan-2020 23:39:38 UTC] デバッグ:未ログインユーザーです
[13-Jan-2020 23:39:38 UTC] デバッグ:ポスト送信があります
[13-Jan-2020 23:39:38 UTC] デバッグ:バリデーションチェック完了
[13-Jan-2020 23:39:38 UTC] デバッグ:クエリ成功
[13-Jan-2020 23:39:38 UTC] デバッグ:クエリ結果の中身:Array
(
    [password] => $2y$10$iZFx77JlfZPfVqHwECybiumzg9N6MrCECmrQwJIh9Esihg2BkFlJ6
    [id] => 8
)

[13-Jan-2020 23:39:38 UTC] デバッグ:パスワードがマッチしました
[13-Jan-2020 23:39:38 UTC] デバッグ:ログイン保持がチェックされていません
[13-Jan-2020 23:39:38 UTC] デバッグ:セッション変数の中身:Array
(
    [login_date] => 1578958778
    [login_limit] => 3600
    [user_id] => 8
)

[13-Jan-2020 23:39:38 UTC] デバッグ:マイページへ遷移します
[13-Jan-2020 23:39:38 UTC] デバッグ:画面表示終了<<<<<<<<<<<<<<<<<<<<<<<<<<<<<<<<<
[13-Jan-2020 23:40:16 UTC] デバッグ:ログイン済みのユーザーです
[13-Jan-2020 23:40:16 UTC] デバッグ:ログイン有効期限内です
[13-Jan-2020 23:40:19 UTC] デバッグ:ログイン済みのユーザーです
[13-Jan-2020 23:40:23 UTC] デバッグ:「「「「「「「「「「「「「「「「「
[13-Jan-2020 23:40:23 UTC] デバッグ:ログアウトページ
[13-Jan-2020 23:40:23 UTC] デバッグ:「「「「「「「「「「「「「「「「「
[13-Jan-2020 23:40:23 UTC] デバッグ:ログアウトします
[13-Jan-2020 23:40:23 UTC] デバッグ:ログインページへ遷移します
[13-Jan-2020 23:40:23 UTC] デバッグ:「「「「「「「「「「「「「「「「「「「「「「「「「「「
[13-Jan-2020 23:40:23 UTC] デバッグ:「ログインページ「
[13-Jan-2020 23:40:23 UTC] デバッグ:「「「「「「「「「「「「「「「「「「「「「「「「「「「
[13-Jan-2020 23:40:23 UTC] デバッグ:>>>>>>>>>>>>>>>>>>>>>>> 画面処理開始
[13-Jan-2020 23:40:23 UTC] デバッグ:セッションID:haq1rmc59cg6vhmt4a52lb3r5q
[13-Jan-2020 23:40:23 UTC] デバッグ:セッション変数の中身:Array
(
)

[13-Jan-2020 23:40:23 UTC] デバッグ:現在日時スタンプ:1578958823
[13-Jan-2020 23:40:23 UTC] デバッグ:未ログインユーザーです
[13-Jan-2020 23:40:23 UTC] デバッグ:画面表示終了<<<<<<<<<<<<<<<<<<<<<<<<<<<<<<<<<
[13-Jan-2020 23:40:26 UTC] デバッグ:未ログインユーザーです
[13-Jan-2020 23:40:26 UTC] デバッグ:「「「「「「「「「「「「「「「「「「「「「「「「「「「
[13-Jan-2020 23:40:26 UTC] デバッグ:「ログインページ「
[13-Jan-2020 23:40:26 UTC] デバッグ:「「「「「「「「「「「「「「「「「「「「「「「「「「「
[13-Jan-2020 23:40:26 UTC] デバッグ:>>>>>>>>>>>>>>>>>>>>>>> 画面処理開始
[13-Jan-2020 23:40:26 UTC] デバッグ:セッションID:gdm3aao33ov9nbkl4ndg7f98ln
[13-Jan-2020 23:40:26 UTC] デバッグ:セッション変数の中身:Array
(
)

[13-Jan-2020 23:40:26 UTC] デバッグ:現在日時スタンプ:1578958826
[13-Jan-2020 23:40:26 UTC] デバッグ:未ログインユーザーです
[13-Jan-2020 23:40:26 UTC] デバッグ:画面表示終了<<<<<<<<<<<<<<<<<<<<<<<<<<<<<<<<<
[13-Jan-2020 23:43:21 UTC] デバッグ:「「「「「「「「「「「「「「「「「「「「「「「「「「「
[13-Jan-2020 23:43:21 UTC] デバッグ:「ログインページ「
[13-Jan-2020 23:43:21 UTC] デバッグ:「「「「「「「「「「「「「「「「「「「「「「「「「「「
[13-Jan-2020 23:43:21 UTC] デバッグ:>>>>>>>>>>>>>>>>>>>>>>> 画面処理開始
[13-Jan-2020 23:43:21 UTC] デバッグ:セッションID:1g4dq5fcckss1udm340qkbq023
[13-Jan-2020 23:43:21 UTC] デバッグ:セッション変数の中身:Array
(
)

[13-Jan-2020 23:43:21 UTC] デバッグ:現在日時スタンプ:1578959001
[13-Jan-2020 23:43:21 UTC] デバッグ:未ログインユーザーです
[13-Jan-2020 23:43:21 UTC] デバッグ:画面表示終了<<<<<<<<<<<<<<<<<<<<<<<<<<<<<<<<<
[13-Jan-2020 23:43:26 UTC] デバッグ:未ログインユーザーです
[13-Jan-2020 23:43:28 UTC] デバッグ:未ログインユーザーです
[13-Jan-2020 23:43:34 UTC] デバッグ:未ログインユーザーです
[13-Jan-2020 23:43:36 UTC] デバッグ:未ログインユーザーです
[13-Jan-2020 23:44:50 UTC] デバッグ:「「「「「「「「「「「「「「「「「「「「「「「「「「「
[13-Jan-2020 23:44:50 UTC] デバッグ:「ログインページ「
[13-Jan-2020 23:44:50 UTC] デバッグ:「「「「「「「「「「「「「「「「「「「「「「「「「「「
[13-Jan-2020 23:44:50 UTC] デバッグ:>>>>>>>>>>>>>>>>>>>>>>> 画面処理開始
[13-Jan-2020 23:44:50 UTC] デバッグ:セッションID:5a0hgej7hojg64g18d00oo8oe4
[13-Jan-2020 23:44:50 UTC] デバッグ:セッション変数の中身:Array
(
)

[13-Jan-2020 23:44:50 UTC] デバッグ:現在日時スタンプ:1578959090
[13-Jan-2020 23:44:50 UTC] デバッグ:未ログインユーザーです
[13-Jan-2020 23:44:50 UTC] デバッグ:画面表示終了<<<<<<<<<<<<<<<<<<<<<<<<<<<<<<<<<
[13-Jan-2020 23:50:07 UTC] デバッグ:「「「「「「「「「「「「「「「「「「「「「「「「「「「
[13-Jan-2020 23:50:07 UTC] デバッグ:「ログインページ「
[13-Jan-2020 23:50:07 UTC] デバッグ:「「「「「「「「「「「「「「「「「「「「「「「「「「「
[13-Jan-2020 23:50:07 UTC] デバッグ:>>>>>>>>>>>>>>>>>>>>>>> 画面処理開始
[13-Jan-2020 23:50:07 UTC] デバッグ:セッションID:7f5vdf1chcpa2bckpj0biermcj
[13-Jan-2020 23:50:07 UTC] デバッグ:セッション変数の中身:Array
(
)

[13-Jan-2020 23:50:07 UTC] デバッグ:現在日時スタンプ:1578959407
[13-Jan-2020 23:50:07 UTC] デバッグ:未ログインユーザーです
[13-Jan-2020 23:50:07 UTC] デバッグ:画面表示終了<<<<<<<<<<<<<<<<<<<<<<<<<<<<<<<<<
[13-Jan-2020 23:50:07 UTC] デバッグ:未ログインユーザーです
[13-Jan-2020 23:50:21 UTC] デバッグ:「「「「「「「「「「「「「「「「「「「「「「「「「「「
[13-Jan-2020 23:50:21 UTC] デバッグ:「ログインページ「
[13-Jan-2020 23:50:21 UTC] デバッグ:「「「「「「「「「「「「「「「「「「「「「「「「「「「
[13-Jan-2020 23:50:21 UTC] デバッグ:>>>>>>>>>>>>>>>>>>>>>>> 画面処理開始
[13-Jan-2020 23:50:21 UTC] デバッグ:セッションID:o0bp10mqe3o9u0v2vja38ci9ep
[13-Jan-2020 23:50:21 UTC] デバッグ:セッション変数の中身:Array
(
)

[13-Jan-2020 23:50:21 UTC] デバッグ:現在日時スタンプ:1578959421
[13-Jan-2020 23:50:21 UTC] デバッグ:未ログインユーザーです
[13-Jan-2020 23:50:21 UTC] デバッグ:画面表示終了<<<<<<<<<<<<<<<<<<<<<<<<<<<<<<<<<
[13-Jan-2020 23:50:21 UTC] デバッグ:未ログインユーザーです
[13-Jan-2020 23:51:16 UTC] デバッグ:「「「「「「「「「「「「「「「「「「「「「「「「「「「
[13-Jan-2020 23:51:16 UTC] デバッグ:「ログインページ「
[13-Jan-2020 23:51:16 UTC] デバッグ:「「「「「「「「「「「「「「「「「「「「「「「「「「「
[13-Jan-2020 23:51:16 UTC] デバッグ:>>>>>>>>>>>>>>>>>>>>>>> 画面処理開始
[13-Jan-2020 23:51:16 UTC] デバッグ:セッションID:cq9a55bippmfai1i64960ff7ha
[13-Jan-2020 23:51:16 UTC] デバッグ:セッション変数の中身:Array
(
)

[13-Jan-2020 23:51:16 UTC] デバッグ:現在日時スタンプ:1578959476
[13-Jan-2020 23:51:16 UTC] デバッグ:未ログインユーザーです
[13-Jan-2020 23:51:16 UTC] デバッグ:画面表示終了<<<<<<<<<<<<<<<<<<<<<<<<<<<<<<<<<
[13-Jan-2020 23:51:16 UTC] デバッグ:未ログインユーザーです
[13-Jan-2020 23:51:18 UTC] デバッグ:「「「「「「「「「「「「「「「「「「「「「「「「「「「
[13-Jan-2020 23:51:18 UTC] デバッグ:「ログインページ「
[13-Jan-2020 23:51:18 UTC] デバッグ:「「「「「「「「「「「「「「「「「「「「「「「「「「「
[13-Jan-2020 23:51:18 UTC] デバッグ:>>>>>>>>>>>>>>>>>>>>>>> 画面処理開始
[13-Jan-2020 23:51:18 UTC] デバッグ:セッションID:llrterai0d1keim1gsmrcndne1
[13-Jan-2020 23:51:18 UTC] デバッグ:セッション変数の中身:Array
(
)

[13-Jan-2020 23:51:18 UTC] デバッグ:現在日時スタンプ:1578959478
[13-Jan-2020 23:51:18 UTC] デバッグ:未ログインユーザーです
[13-Jan-2020 23:51:18 UTC] デバッグ:画面表示終了<<<<<<<<<<<<<<<<<<<<<<<<<<<<<<<<<
[13-Jan-2020 23:51:18 UTC] デバッグ:未ログインユーザーです
[13-Jan-2020 23:51:57 UTC] デバッグ:「「「「「「「「「「「「「「「「「「「「「「「「「「「
[13-Jan-2020 23:51:57 UTC] デバッグ:「ログインページ「
[13-Jan-2020 23:51:57 UTC] デバッグ:「「「「「「「「「「「「「「「「「「「「「「「「「「「
[13-Jan-2020 23:51:57 UTC] デバッグ:>>>>>>>>>>>>>>>>>>>>>>> 画面処理開始
[13-Jan-2020 23:51:57 UTC] デバッグ:セッションID:3b88i7j8ijd87h3dfld56pa6un
[13-Jan-2020 23:51:57 UTC] デバッグ:セッション変数の中身:Array
(
)

[13-Jan-2020 23:51:57 UTC] デバッグ:現在日時スタンプ:1578959517
[13-Jan-2020 23:51:57 UTC] デバッグ:未ログインユーザーです
[13-Jan-2020 23:51:57 UTC] デバッグ:画面表示終了<<<<<<<<<<<<<<<<<<<<<<<<<<<<<<<<<
[13-Jan-2020 23:51:57 UTC] デバッグ:未ログインユーザーです
[13-Jan-2020 23:52:05 UTC] デバッグ:「「「「「「「「「「「「「「「「「「「「「「「「「「「
[13-Jan-2020 23:52:05 UTC] デバッグ:「ログインページ「
[13-Jan-2020 23:52:05 UTC] デバッグ:「「「「「「「「「「「「「「「「「「「「「「「「「「「
[13-Jan-2020 23:52:05 UTC] デバッグ:>>>>>>>>>>>>>>>>>>>>>>> 画面処理開始
[13-Jan-2020 23:52:05 UTC] デバッグ:セッションID:b8uluoh6otj2f70hl1o6ekueb1
[13-Jan-2020 23:52:05 UTC] デバッグ:セッション変数の中身:Array
(
)

[13-Jan-2020 23:52:05 UTC] デバッグ:現在日時スタンプ:1578959525
[13-Jan-2020 23:52:05 UTC] デバッグ:未ログインユーザーです
[13-Jan-2020 23:52:05 UTC] デバッグ:画面表示終了<<<<<<<<<<<<<<<<<<<<<<<<<<<<<<<<<
[13-Jan-2020 23:52:05 UTC] デバッグ:未ログインユーザーです
[13-Jan-2020 23:52:25 UTC] デバッグ:未ログインユーザーです
[13-Jan-2020 23:52:26 UTC] デバッグ:未ログインユーザーです
[14-Jan-2020 05:46:32 UTC] デバッグ:未ログインユーザーです
[14-Jan-2020 05:46:34 UTC] デバッグ:未ログインユーザーです
[14-Jan-2020 05:46:36 UTC] デバッグ:「「「「「「「「「「「「「「「「「「「「「「「「「「「
[14-Jan-2020 05:46:36 UTC] デバッグ:「ログインページ「
[14-Jan-2020 05:46:36 UTC] デバッグ:「「「「「「「「「「「「「「「「「「「「「「「「「「「
[14-Jan-2020 05:46:36 UTC] デバッグ:>>>>>>>>>>>>>>>>>>>>>>> 画面処理開始
[14-Jan-2020 05:46:36 UTC] デバッグ:セッションID:b1sotmqec9s3n2rssnbin16as1
[14-Jan-2020 05:46:36 UTC] デバッグ:セッション変数の中身:Array
(
)

[14-Jan-2020 05:46:36 UTC] デバッグ:現在日時スタンプ:1578980796
[14-Jan-2020 05:46:36 UTC] デバッグ:未ログインユーザーです
[14-Jan-2020 05:46:36 UTC] デバッグ:画面表示終了<<<<<<<<<<<<<<<<<<<<<<<<<<<<<<<<<
[14-Jan-2020 05:46:36 UTC] デバッグ:未ログインユーザーです
[14-Jan-2020 05:47:51 UTC] デバッグ:「「「「「「「「「「「「「「「「「「「「「「「「「「「
[14-Jan-2020 05:47:51 UTC] デバッグ:「ログインページ「
[14-Jan-2020 05:47:51 UTC] デバッグ:「「「「「「「「「「「「「「「「「「「「「「「「「「「
[14-Jan-2020 05:47:51 UTC] デバッグ:>>>>>>>>>>>>>>>>>>>>>>> 画面処理開始
[14-Jan-2020 05:47:51 UTC] デバッグ:セッションID:q8rpblumouqas1414svm0polif
[14-Jan-2020 05:47:51 UTC] デバッグ:セッション変数の中身:Array
(
)

[14-Jan-2020 05:47:51 UTC] デバッグ:現在日時スタンプ:1578980871
[14-Jan-2020 05:47:51 UTC] デバッグ:未ログインユーザーです
[14-Jan-2020 05:47:51 UTC] デバッグ:画面表示終了<<<<<<<<<<<<<<<<<<<<<<<<<<<<<<<<<
[14-Jan-2020 05:47:51 UTC] デバッグ:未ログインユーザーです
[14-Jan-2020 05:47:52 UTC] デバッグ:「「「「「「「「「「「「「「「「「「「「「「「「「「「
[14-Jan-2020 05:47:52 UTC] デバッグ:「ログインページ「
[14-Jan-2020 05:47:52 UTC] デバッグ:「「「「「「「「「「「「「「「「「「「「「「「「「「「
[14-Jan-2020 05:47:52 UTC] デバッグ:>>>>>>>>>>>>>>>>>>>>>>> 画面処理開始
[14-Jan-2020 05:47:52 UTC] デバッグ:セッションID:fvedjkkjgbdjsjpmuqgrct90c2
[14-Jan-2020 05:47:52 UTC] デバッグ:セッション変数の中身:Array
(
)

[14-Jan-2020 05:47:52 UTC] デバッグ:現在日時スタンプ:1578980872
[14-Jan-2020 05:47:52 UTC] デバッグ:未ログインユーザーです
[14-Jan-2020 05:47:52 UTC] デバッグ:画面表示終了<<<<<<<<<<<<<<<<<<<<<<<<<<<<<<<<<
[14-Jan-2020 05:47:52 UTC] デバッグ:未ログインユーザーです
[14-Jan-2020 05:47:58 UTC] デバッグ:「「「「「「「「「「「「「「「「「「「「「「「「「「「
[14-Jan-2020 05:47:58 UTC] デバッグ:「ログインページ「
[14-Jan-2020 05:47:58 UTC] デバッグ:「「「「「「「「「「「「「「「「「「「「「「「「「「「
[14-Jan-2020 05:47:58 UTC] デバッグ:>>>>>>>>>>>>>>>>>>>>>>> 画面処理開始
[14-Jan-2020 05:47:58 UTC] デバッグ:セッションID:k09t1t602ru18omvk9crmaq70s
[14-Jan-2020 05:47:58 UTC] デバッグ:セッション変数の中身:Array
(
)

[14-Jan-2020 05:47:58 UTC] デバッグ:現在日時スタンプ:1578980878
[14-Jan-2020 05:47:58 UTC] デバッグ:未ログインユーザーです
[14-Jan-2020 05:47:58 UTC] デバッグ:画面表示終了<<<<<<<<<<<<<<<<<<<<<<<<<<<<<<<<<
[14-Jan-2020 05:47:58 UTC] デバッグ:未ログインユーザーです
[14-Jan-2020 05:48:03 UTC] デバッグ:「「「「「「「「「「「「「「「「「「「「「「「「「「「
[14-Jan-2020 05:48:03 UTC] デバッグ:「ログインページ「
[14-Jan-2020 05:48:03 UTC] デバッグ:「「「「「「「「「「「「「「「「「「「「「「「「「「「
[14-Jan-2020 05:48:03 UTC] デバッグ:>>>>>>>>>>>>>>>>>>>>>>> 画面処理開始
[14-Jan-2020 05:48:03 UTC] デバッグ:セッションID:4355nfok3d92s7n5018i7oei9t
[14-Jan-2020 05:48:03 UTC] デバッグ:セッション変数の中身:Array
(
)

[14-Jan-2020 05:48:03 UTC] デバッグ:現在日時スタンプ:1578980883
[14-Jan-2020 05:48:03 UTC] デバッグ:未ログインユーザーです
[14-Jan-2020 05:48:03 UTC] デバッグ:画面表示終了<<<<<<<<<<<<<<<<<<<<<<<<<<<<<<<<<
[14-Jan-2020 05:48:03 UTC] デバッグ:未ログインユーザーです
[14-Jan-2020 05:50:12 UTC] デバッグ:「「「「「「「「「「「「「「「「「「「「「「「「「「「
[14-Jan-2020 05:50:12 UTC] デバッグ:「ログインページ「
[14-Jan-2020 05:50:12 UTC] デバッグ:「「「「「「「「「「「「「「「「「「「「「「「「「「「
[14-Jan-2020 05:50:12 UTC] デバッグ:>>>>>>>>>>>>>>>>>>>>>>> 画面処理開始
[14-Jan-2020 05:50:12 UTC] デバッグ:セッションID:49jsshqebnsa7fijiuebri2r07
[14-Jan-2020 05:50:12 UTC] デバッグ:セッション変数の中身:Array
(
)

[14-Jan-2020 05:50:12 UTC] デバッグ:現在日時スタンプ:1578981012
[14-Jan-2020 05:50:12 UTC] デバッグ:未ログインユーザーです
[14-Jan-2020 05:50:12 UTC] デバッグ:ポスト送信があります
[14-Jan-2020 05:50:12 UTC] デバッグ:バリデーションチェック完了
[14-Jan-2020 05:50:12 UTC] デバッグ:クエリ成功
[14-Jan-2020 05:50:12 UTC] デバッグ:クエリ結果の中身:Array
(
    [password] => $2y$10$iZFx77JlfZPfVqHwECybiumzg9N6MrCECmrQwJIh9Esihg2BkFlJ6
    [id] => 8
)

[14-Jan-2020 05:50:12 UTC] デバッグ:パスワードがマッチしました
[14-Jan-2020 05:50:12 UTC] デバッグ:ログイン保持がチェックされていません
[14-Jan-2020 05:50:12 UTC] デバッグ:セッション変数の中身:Array
(
    [login_date] => 1578981012
    [login_limit] => 3600
    [user_id] => 8
)

[14-Jan-2020 05:50:12 UTC] デバッグ:マイページへ遷移します
[14-Jan-2020 05:50:12 UTC] デバッグ:画面表示終了<<<<<<<<<<<<<<<<<<<<<<<<<<<<<<<<<
[14-Jan-2020 05:50:12 UTC] デバッグ:ログイン済みのユーザーです
[14-Jan-2020 05:50:12 UTC] デバッグ:ログイン済みのユーザーです
[14-Jan-2020 05:50:12 UTC] デバッグ:ログイン有効期限内です
[14-Jan-2020 05:50:46 UTC] デバッグ:ログイン済みのユーザーです
[14-Jan-2020 05:50:46 UTC] デバッグ:ログイン有効期限内です
[14-Jan-2020 05:50:46 UTC] デバッグ:ログイン済みのユーザーです
[14-Jan-2020 05:56:43 UTC] デバッグ:ログイン済みのユーザーです
[14-Jan-2020 05:56:43 UTC] デバッグ:ログイン有効期限内です
[14-Jan-2020 05:56:43 UTC] デバッグ:ログイン済みのユーザーです
[14-Jan-2020 06:02:12 UTC] デバッグ:ログイン済みのユーザーです
[14-Jan-2020 06:02:12 UTC] デバッグ:ログイン有効期限内です
[14-Jan-2020 06:02:12 UTC] デバッグ:ログイン済みのユーザーです
[14-Jan-2020 06:02:50 UTC] デバッグ:ログイン済みのユーザーです
[14-Jan-2020 06:02:50 UTC] デバッグ:ログイン有効期限内です
[14-Jan-2020 06:02:50 UTC] デバッグ:ログイン済みのユーザーです
[14-Jan-2020 06:03:06 UTC] デバッグ:ログイン済みのユーザーです
[14-Jan-2020 06:05:26 UTC] デバッグ:「「「「「「「「「「「「「「「「「
[14-Jan-2020 06:05:26 UTC] デバッグ:ログアウトページ
[14-Jan-2020 06:05:26 UTC] デバッグ:「「「「「「「「「「「「「「「「「
[14-Jan-2020 06:05:26 UTC] デバッグ:ログアウトします
[14-Jan-2020 06:05:26 UTC] デバッグ:ログインページへ遷移します
[14-Jan-2020 06:05:26 UTC] デバッグ:「「「「「「「「「「「「「「「「「「「「「「「「「「「
[14-Jan-2020 06:05:26 UTC] デバッグ:「ログインページ「
[14-Jan-2020 06:05:26 UTC] デバッグ:「「「「「「「「「「「「「「「「「「「「「「「「「「「
[14-Jan-2020 06:05:26 UTC] デバッグ:>>>>>>>>>>>>>>>>>>>>>>> 画面処理開始
[14-Jan-2020 06:05:26 UTC] デバッグ:セッションID:ml60kr3bfa8rv4ok3u88ifhcil
[14-Jan-2020 06:05:26 UTC] デバッグ:セッション変数の中身:Array
(
)

[14-Jan-2020 06:05:26 UTC] デバッグ:現在日時スタンプ:1578981926
[14-Jan-2020 06:05:26 UTC] デバッグ:未ログインユーザーです
[14-Jan-2020 06:05:26 UTC] デバッグ:画面表示終了<<<<<<<<<<<<<<<<<<<<<<<<<<<<<<<<<
[14-Jan-2020 06:05:26 UTC] デバッグ:未ログインユーザーです
[14-Jan-2020 06:05:32 UTC] デバッグ:「「「「「「「「「「「「「「「「「「「「「「「「「「「
[14-Jan-2020 06:05:32 UTC] デバッグ:「ログインページ「
[14-Jan-2020 06:05:32 UTC] デバッグ:「「「「「「「「「「「「「「「「「「「「「「「「「「「
[14-Jan-2020 06:05:32 UTC] デバッグ:>>>>>>>>>>>>>>>>>>>>>>> 画面処理開始
[14-Jan-2020 06:05:32 UTC] デバッグ:セッションID:gmeir6hed4dmhavel48b5jv9sn
[14-Jan-2020 06:05:32 UTC] デバッグ:セッション変数の中身:Array
(
)

[14-Jan-2020 06:05:32 UTC] デバッグ:現在日時スタンプ:1578981932
[14-Jan-2020 06:05:32 UTC] デバッグ:未ログインユーザーです
[14-Jan-2020 06:05:32 UTC] デバッグ:画面表示終了<<<<<<<<<<<<<<<<<<<<<<<<<<<<<<<<<
[14-Jan-2020 06:05:32 UTC] デバッグ:未ログインユーザーです
[14-Jan-2020 06:05:54 UTC] デバッグ:未ログインユーザーです
[14-Jan-2020 06:05:54 UTC] PHP Notice:  Undefined variable: site_title in /Applications/MAMP/htdocs/res_BBS/pages/template/head.php on line 4
[14-Jan-2020 06:05:54 UTC] デバッグ:未ログインユーザーです
[14-Jan-2020 06:05:54 UTC] デバッグ:「「「「「「「「「「「「「「「「「「「「「「「「「「「
[14-Jan-2020 06:05:54 UTC] デバッグ:「ログインページ「
[14-Jan-2020 06:05:54 UTC] デバッグ:「「「「「「「「「「「「「「「「「「「「「「「「「「「
[14-Jan-2020 06:05:54 UTC] デバッグ:>>>>>>>>>>>>>>>>>>>>>>> 画面処理開始
[14-Jan-2020 06:05:54 UTC] デバッグ:セッションID:ckvstvjakma1fheh2tn98raclu
[14-Jan-2020 06:05:54 UTC] デバッグ:セッション変数の中身:Array
(
)

[14-Jan-2020 06:05:54 UTC] デバッグ:現在日時スタンプ:1578981954
[14-Jan-2020 06:05:54 UTC] デバッグ:未ログインユーザーです
[14-Jan-2020 06:05:54 UTC] デバッグ:画面表示終了<<<<<<<<<<<<<<<<<<<<<<<<<<<<<<<<<
[14-Jan-2020 06:05:54 UTC] デバッグ:未ログインユーザーです
[14-Jan-2020 06:05:56 UTC] デバッグ:「「「「「「「「「「「「「「「「「「「「「「「「「「「
[14-Jan-2020 06:05:56 UTC] デバッグ:「ログインページ「
[14-Jan-2020 06:05:56 UTC] デバッグ:「「「「「「「「「「「「「「「「「「「「「「「「「「「
[14-Jan-2020 06:05:56 UTC] デバッグ:>>>>>>>>>>>>>>>>>>>>>>> 画面処理開始
[14-Jan-2020 06:05:56 UTC] デバッグ:セッションID:nk5571etjn445s33vh6qkmnmne
[14-Jan-2020 06:05:56 UTC] デバッグ:セッション変数の中身:Array
(
)

[14-Jan-2020 06:05:56 UTC] デバッグ:現在日時スタンプ:1578981956
[14-Jan-2020 06:05:56 UTC] デバッグ:未ログインユーザーです
[14-Jan-2020 06:05:56 UTC] デバッグ:画面表示終了<<<<<<<<<<<<<<<<<<<<<<<<<<<<<<<<<
[14-Jan-2020 06:05:56 UTC] デバッグ:未ログインユーザーです
[14-Jan-2020 06:05:58 UTC] PHP Notice:  Undefined variable: site_title in /Applications/MAMP/htdocs/res_BBS/pages/template/head.php on line 4
[14-Jan-2020 06:05:58 UTC] デバッグ:未ログインユーザーです
[14-Jan-2020 06:06:54 UTC] デバッグ:未ログインユーザーです
[14-Jan-2020 06:07:56 UTC] デバッグ:未ログインユーザーです
[14-Jan-2020 06:09:49 UTC] デバッグ:「「「「「「「「「「「「「「「「「「「「「「「「「「「
[14-Jan-2020 06:09:49 UTC] デバッグ:「ログインページ「
[14-Jan-2020 06:09:49 UTC] デバッグ:「「「「「「「「「「「「「「「「「「「「「「「「「「「
[14-Jan-2020 06:09:49 UTC] デバッグ:>>>>>>>>>>>>>>>>>>>>>>> 画面処理開始
[14-Jan-2020 06:09:49 UTC] デバッグ:セッションID:06970ib281nf4eoj967l5hll9u
[14-Jan-2020 06:09:49 UTC] デバッグ:セッション変数の中身:Array
(
)

[14-Jan-2020 06:09:49 UTC] デバッグ:現在日時スタンプ:1578982189
[14-Jan-2020 06:09:49 UTC] デバッグ:未ログインユーザーです
[14-Jan-2020 06:09:49 UTC] デバッグ:画面表示終了<<<<<<<<<<<<<<<<<<<<<<<<<<<<<<<<<
[14-Jan-2020 06:09:49 UTC] デバッグ:未ログインユーザーです
[14-Jan-2020 06:13:08 UTC] デバッグ:「「「「「「「「「「「「「「「「「「「「「「「「「「「
[14-Jan-2020 06:13:08 UTC] デバッグ:「ログインページ「
[14-Jan-2020 06:13:08 UTC] デバッグ:「「「「「「「「「「「「「「「「「「「「「「「「「「「
[14-Jan-2020 06:13:08 UTC] デバッグ:>>>>>>>>>>>>>>>>>>>>>>> 画面処理開始
[14-Jan-2020 06:13:08 UTC] デバッグ:セッションID:l2dpirqi0buaisbjakfivp2pu9
[14-Jan-2020 06:13:08 UTC] デバッグ:セッション変数の中身:Array
(
)

[14-Jan-2020 06:13:08 UTC] デバッグ:現在日時スタンプ:1578982388
[14-Jan-2020 06:13:08 UTC] デバッグ:未ログインユーザーです
[14-Jan-2020 06:13:08 UTC] デバッグ:画面表示終了<<<<<<<<<<<<<<<<<<<<<<<<<<<<<<<<<
[14-Jan-2020 06:13:08 UTC] デバッグ:未ログインユーザーです
[14-Jan-2020 06:13:25 UTC] デバッグ:「「「「「「「「「「「「「「「「「「「「「「「「「「「
[14-Jan-2020 06:13:25 UTC] デバッグ:「ログインページ「
[14-Jan-2020 06:13:25 UTC] デバッグ:「「「「「「「「「「「「「「「「「「「「「「「「「「「
[14-Jan-2020 06:13:25 UTC] デバッグ:>>>>>>>>>>>>>>>>>>>>>>> 画面処理開始
[14-Jan-2020 06:13:25 UTC] デバッグ:セッションID:7k70s3bopndl5r14q30nsaaqsn
[14-Jan-2020 06:13:25 UTC] デバッグ:セッション変数の中身:Array
(
)

[14-Jan-2020 06:13:25 UTC] デバッグ:現在日時スタンプ:1578982405
[14-Jan-2020 06:13:25 UTC] デバッグ:未ログインユーザーです
[14-Jan-2020 06:13:25 UTC] デバッグ:画面表示終了<<<<<<<<<<<<<<<<<<<<<<<<<<<<<<<<<
[14-Jan-2020 06:13:25 UTC] デバッグ:未ログインユーザーです
[14-Jan-2020 06:13:32 UTC] デバッグ:「「「「「「「「「「「「「「「「「「「「「「「「「「「
[14-Jan-2020 06:13:32 UTC] デバッグ:「ログインページ「
[14-Jan-2020 06:13:32 UTC] デバッグ:「「「「「「「「「「「「「「「「「「「「「「「「「「「
[14-Jan-2020 06:13:32 UTC] デバッグ:>>>>>>>>>>>>>>>>>>>>>>> 画面処理開始
[14-Jan-2020 06:13:32 UTC] デバッグ:セッションID:f7uuu7fgpa6l85a22ceb0s1h81
[14-Jan-2020 06:13:32 UTC] デバッグ:セッション変数の中身:Array
(
)

[14-Jan-2020 06:13:32 UTC] デバッグ:現在日時スタンプ:1578982412
[14-Jan-2020 06:13:32 UTC] デバッグ:未ログインユーザーです
[14-Jan-2020 06:13:32 UTC] デバッグ:画面表示終了<<<<<<<<<<<<<<<<<<<<<<<<<<<<<<<<<
[14-Jan-2020 06:13:32 UTC] デバッグ:未ログインユーザーです
[14-Jan-2020 06:13:34 UTC] デバッグ:「「「「「「「「「「「「「「「「「「「「「「「「「「「
[14-Jan-2020 06:13:34 UTC] デバッグ:「ログインページ「
[14-Jan-2020 06:13:34 UTC] デバッグ:「「「「「「「「「「「「「「「「「「「「「「「「「「「
[14-Jan-2020 06:13:34 UTC] デバッグ:>>>>>>>>>>>>>>>>>>>>>>> 画面処理開始
[14-Jan-2020 06:13:34 UTC] デバッグ:セッションID:cue6e0feninvjkjpd590ogb0ol
[14-Jan-2020 06:13:34 UTC] デバッグ:セッション変数の中身:Array
(
)

[14-Jan-2020 06:13:34 UTC] デバッグ:現在日時スタンプ:1578982414
[14-Jan-2020 06:13:34 UTC] デバッグ:未ログインユーザーです
[14-Jan-2020 06:13:34 UTC] デバッグ:画面表示終了<<<<<<<<<<<<<<<<<<<<<<<<<<<<<<<<<
[14-Jan-2020 06:13:34 UTC] デバッグ:未ログインユーザーです
[14-Jan-2020 06:14:14 UTC] デバッグ:「「「「「「「「「「「「「「「「「「「「「「「「「「「
[14-Jan-2020 06:14:14 UTC] デバッグ:「ログインページ「
[14-Jan-2020 06:14:14 UTC] デバッグ:「「「「「「「「「「「「「「「「「「「「「「「「「「「
[14-Jan-2020 06:14:14 UTC] デバッグ:>>>>>>>>>>>>>>>>>>>>>>> 画面処理開始
[14-Jan-2020 06:14:14 UTC] デバッグ:セッションID:b4mpjfp0905j5dqoa2m3al16ru
[14-Jan-2020 06:14:14 UTC] デバッグ:セッション変数の中身:Array
(
)

[14-Jan-2020 06:14:14 UTC] デバッグ:現在日時スタンプ:1578982454
[14-Jan-2020 06:14:14 UTC] デバッグ:未ログインユーザーです
[14-Jan-2020 06:14:14 UTC] デバッグ:画面表示終了<<<<<<<<<<<<<<<<<<<<<<<<<<<<<<<<<
[14-Jan-2020 06:14:14 UTC] デバッグ:未ログインユーザーです
[14-Jan-2020 06:14:17 UTC] デバッグ:「「「「「「「「「「「「「「「「「「「「「「「「「「「
[14-Jan-2020 06:14:17 UTC] デバッグ:「ログインページ「
[14-Jan-2020 06:14:17 UTC] デバッグ:「「「「「「「「「「「「「「「「「「「「「「「「「「「
[14-Jan-2020 06:14:17 UTC] デバッグ:>>>>>>>>>>>>>>>>>>>>>>> 画面処理開始
[14-Jan-2020 06:14:17 UTC] デバッグ:セッションID:rg71m2865k357gb9l2f2a2ropm
[14-Jan-2020 06:14:17 UTC] デバッグ:セッション変数の中身:Array
(
)

[14-Jan-2020 06:14:17 UTC] デバッグ:現在日時スタンプ:1578982457
[14-Jan-2020 06:14:17 UTC] デバッグ:未ログインユーザーです
[14-Jan-2020 06:14:17 UTC] デバッグ:画面表示終了<<<<<<<<<<<<<<<<<<<<<<<<<<<<<<<<<
[14-Jan-2020 06:14:17 UTC] デバッグ:未ログインユーザーです
[14-Jan-2020 06:15:26 UTC] デバッグ:「「「「「「「「「「「「「「「「「「「「「「「「「「「
[14-Jan-2020 06:15:26 UTC] デバッグ:「ログインページ「
[14-Jan-2020 06:15:26 UTC] デバッグ:「「「「「「「「「「「「「「「「「「「「「「「「「「「
[14-Jan-2020 06:15:26 UTC] デバッグ:>>>>>>>>>>>>>>>>>>>>>>> 画面処理開始
[14-Jan-2020 06:15:26 UTC] デバッグ:セッションID:32h7aupqvauka2b0dakg5mhbg0
[14-Jan-2020 06:15:26 UTC] デバッグ:セッション変数の中身:Array
(
)

[14-Jan-2020 06:15:26 UTC] デバッグ:現在日時スタンプ:1578982526
[14-Jan-2020 06:15:26 UTC] デバッグ:未ログインユーザーです
[14-Jan-2020 06:15:26 UTC] デバッグ:画面表示終了<<<<<<<<<<<<<<<<<<<<<<<<<<<<<<<<<
[14-Jan-2020 06:15:26 UTC] デバッグ:未ログインユーザーです
[14-Jan-2020 06:16:59 UTC] デバッグ:「「「「「「「「「「「「「「「「「「「「「「「「「「「
[14-Jan-2020 06:16:59 UTC] デバッグ:「ログインページ「
[14-Jan-2020 06:16:59 UTC] デバッグ:「「「「「「「「「「「「「「「「「「「「「「「「「「「
[14-Jan-2020 06:16:59 UTC] デバッグ:>>>>>>>>>>>>>>>>>>>>>>> 画面処理開始
[14-Jan-2020 06:16:59 UTC] デバッグ:セッションID:j2ad5l7ltotrd88em68s857nnh
[14-Jan-2020 06:16:59 UTC] デバッグ:セッション変数の中身:Array
(
)

[14-Jan-2020 06:16:59 UTC] デバッグ:現在日時スタンプ:1578982619
[14-Jan-2020 06:16:59 UTC] デバッグ:未ログインユーザーです
[14-Jan-2020 06:16:59 UTC] デバッグ:画面表示終了<<<<<<<<<<<<<<<<<<<<<<<<<<<<<<<<<
[14-Jan-2020 06:16:59 UTC] デバッグ:未ログインユーザーです
[14-Jan-2020 06:18:15 UTC] デバッグ:「「「「「「「「「「「「「「「「「「「「「「「「「「「
[14-Jan-2020 06:18:15 UTC] デバッグ:「ログインページ「
[14-Jan-2020 06:18:15 UTC] デバッグ:「「「「「「「「「「「「「「「「「「「「「「「「「「「
[14-Jan-2020 06:18:15 UTC] デバッグ:>>>>>>>>>>>>>>>>>>>>>>> 画面処理開始
[14-Jan-2020 06:18:15 UTC] デバッグ:セッションID:aemep820co22lb692m3uc70auq
[14-Jan-2020 06:18:15 UTC] デバッグ:セッション変数の中身:Array
(
)

[14-Jan-2020 06:18:15 UTC] デバッグ:現在日時スタンプ:1578982695
[14-Jan-2020 06:18:15 UTC] デバッグ:未ログインユーザーです
[14-Jan-2020 06:18:15 UTC] デバッグ:画面表示終了<<<<<<<<<<<<<<<<<<<<<<<<<<<<<<<<<
[14-Jan-2020 06:18:15 UTC] デバッグ:未ログインユーザーです
[14-Jan-2020 06:18:16 UTC] デバッグ:「「「「「「「「「「「「「「「「「「「「「「「「「「「
[14-Jan-2020 06:18:16 UTC] デバッグ:「ログインページ「
[14-Jan-2020 06:18:16 UTC] デバッグ:「「「「「「「「「「「「「「「「「「「「「「「「「「「
[14-Jan-2020 06:18:16 UTC] デバッグ:>>>>>>>>>>>>>>>>>>>>>>> 画面処理開始
[14-Jan-2020 06:18:16 UTC] デバッグ:セッションID:id0ilnj9pua325u2u3ice6succ
[14-Jan-2020 06:18:16 UTC] デバッグ:セッション変数の中身:Array
(
)

[14-Jan-2020 06:18:16 UTC] デバッグ:現在日時スタンプ:1578982696
[14-Jan-2020 06:18:16 UTC] デバッグ:未ログインユーザーです
[14-Jan-2020 06:18:16 UTC] デバッグ:画面表示終了<<<<<<<<<<<<<<<<<<<<<<<<<<<<<<<<<
[14-Jan-2020 06:18:16 UTC] デバッグ:未ログインユーザーです
[14-Jan-2020 06:18:21 UTC] デバッグ:「「「「「「「「「「「「「「「「「「「「「「「「「「「
[14-Jan-2020 06:18:21 UTC] デバッグ:「ログインページ「
[14-Jan-2020 06:18:21 UTC] デバッグ:「「「「「「「「「「「「「「「「「「「「「「「「「「「
[14-Jan-2020 06:18:21 UTC] デバッグ:>>>>>>>>>>>>>>>>>>>>>>> 画面処理開始
[14-Jan-2020 06:18:21 UTC] デバッグ:セッションID:f494fqhakqv3u1nbqhtgfsl0s4
[14-Jan-2020 06:18:21 UTC] デバッグ:セッション変数の中身:Array
(
)

[14-Jan-2020 06:18:21 UTC] デバッグ:現在日時スタンプ:1578982701
[14-Jan-2020 06:18:21 UTC] デバッグ:未ログインユーザーです
[14-Jan-2020 06:18:21 UTC] デバッグ:画面表示終了<<<<<<<<<<<<<<<<<<<<<<<<<<<<<<<<<
[14-Jan-2020 06:18:21 UTC] デバッグ:未ログインユーザーです
[14-Jan-2020 06:18:22 UTC] デバッグ:「「「「「「「「「「「「「「「「「「「「「「「「「「「
[14-Jan-2020 06:18:22 UTC] デバッグ:「ログインページ「
[14-Jan-2020 06:18:22 UTC] デバッグ:「「「「「「「「「「「「「「「「「「「「「「「「「「「
[14-Jan-2020 06:18:22 UTC] デバッグ:>>>>>>>>>>>>>>>>>>>>>>> 画面処理開始
[14-Jan-2020 06:18:22 UTC] デバッグ:セッションID:rssuqcki303d67ioi889jtnl1n
[14-Jan-2020 06:18:22 UTC] デバッグ:セッション変数の中身:Array
(
)

[14-Jan-2020 06:18:22 UTC] デバッグ:現在日時スタンプ:1578982702
[14-Jan-2020 06:18:22 UTC] デバッグ:未ログインユーザーです
[14-Jan-2020 06:18:22 UTC] デバッグ:画面表示終了<<<<<<<<<<<<<<<<<<<<<<<<<<<<<<<<<
[14-Jan-2020 06:18:22 UTC] デバッグ:未ログインユーザーです
[14-Jan-2020 06:18:24 UTC] デバッグ:「「「「「「「「「「「「「「「「「「「「「「「「「「「
[14-Jan-2020 06:18:24 UTC] デバッグ:「ログインページ「
[14-Jan-2020 06:18:24 UTC] デバッグ:「「「「「「「「「「「「「「「「「「「「「「「「「「「
[14-Jan-2020 06:18:24 UTC] デバッグ:>>>>>>>>>>>>>>>>>>>>>>> 画面処理開始
[14-Jan-2020 06:18:24 UTC] デバッグ:セッションID:kc49efh9tf65ac15gavpb3brdu
[14-Jan-2020 06:18:24 UTC] デバッグ:セッション変数の中身:Array
(
)

[14-Jan-2020 06:18:24 UTC] デバッグ:現在日時スタンプ:1578982704
[14-Jan-2020 06:18:24 UTC] デバッグ:未ログインユーザーです
[14-Jan-2020 06:18:24 UTC] デバッグ:画面表示終了<<<<<<<<<<<<<<<<<<<<<<<<<<<<<<<<<
[14-Jan-2020 06:18:24 UTC] デバッグ:未ログインユーザーです
[15-Jan-2020 04:45:45 UTC] デバッグ:未ログインユーザーです
[15-Jan-2020 04:45:49 UTC] デバッグ:未ログインユーザーです
[15-Jan-2020 04:45:51 UTC] デバッグ:未ログインユーザーです
[15-Jan-2020 06:01:33 UTC] デバッグ:「「「「「「「「「「「「「「「「
[15-Jan-2020 06:01:33 UTC] デバッグ:ユーザー登録ページ
[15-Jan-2020 06:01:33 UTC] デバッグ:「「「「「「「「「「「「「「「「
[15-Jan-2020 06:01:33 UTC] デバッグ:>>>>>>>>>>>>>>>>>>>>>>> 画面処理開始
[15-Jan-2020 06:01:33 UTC] デバッグ:セッションID:7bpq2emliqjg6kfe06put5jf4r
[15-Jan-2020 06:01:33 UTC] デバッグ:セッション変数の中身:Array
(
)

[15-Jan-2020 06:01:33 UTC] デバッグ:現在日時スタンプ:1579068093
[15-Jan-2020 06:01:33 UTC] デバッグ:未ログインユーザーです
[15-Jan-2020 06:01:41 UTC] デバッグ:「「「「「「「「「「「「「「「「「「「「「「「「「「「
[15-Jan-2020 06:01:41 UTC] デバッグ:「ログインページ「
[15-Jan-2020 06:01:41 UTC] デバッグ:「「「「「「「「「「「「「「「「「「「「「「「「「「「
[15-Jan-2020 06:01:41 UTC] デバッグ:>>>>>>>>>>>>>>>>>>>>>>> 画面処理開始
[15-Jan-2020 06:01:41 UTC] デバッグ:セッションID:s0lr6c9kvadm88fjlf25rd7fdn
[15-Jan-2020 06:01:41 UTC] デバッグ:セッション変数の中身:Array
(
)

[15-Jan-2020 06:01:41 UTC] デバッグ:現在日時スタンプ:1579068101
[15-Jan-2020 06:01:41 UTC] デバッグ:未ログインユーザーです
[15-Jan-2020 06:01:41 UTC] デバッグ:画面表示終了<<<<<<<<<<<<<<<<<<<<<<<<<<<<<<<<<
[15-Jan-2020 06:01:41 UTC] デバッグ:未ログインユーザーです
[15-Jan-2020 06:02:06 UTC] デバッグ:「「「「「「「「「「「「「「「「
[15-Jan-2020 06:02:06 UTC] デバッグ:ユーザー登録ページ
[15-Jan-2020 06:02:06 UTC] デバッグ:「「「「「「「「「「「「「「「「
[15-Jan-2020 06:02:06 UTC] デバッグ:>>>>>>>>>>>>>>>>>>>>>>> 画面処理開始
[15-Jan-2020 06:02:06 UTC] デバッグ:セッションID:p40a667n2dsjm49od4johh8j2p
[15-Jan-2020 06:02:06 UTC] デバッグ:セッション変数の中身:Array
(
)

[15-Jan-2020 06:02:06 UTC] デバッグ:現在日時スタンプ:1579068126
[15-Jan-2020 06:02:06 UTC] デバッグ:未ログインユーザーです
[15-Jan-2020 06:02:08 UTC] デバッグ:「「「「「「「「「「「「「「「「「「「「「「「「「「「
[15-Jan-2020 06:02:08 UTC] デバッグ:「ログインページ「
[15-Jan-2020 06:02:08 UTC] デバッグ:「「「「「「「「「「「「「「「「「「「「「「「「「「「
[15-Jan-2020 06:02:08 UTC] デバッグ:>>>>>>>>>>>>>>>>>>>>>>> 画面処理開始
[15-Jan-2020 06:02:08 UTC] デバッグ:セッションID:proamc4s1q83j39un5g7j9lakv
[15-Jan-2020 06:02:08 UTC] デバッグ:セッション変数の中身:Array
(
)

[15-Jan-2020 06:02:08 UTC] デバッグ:現在日時スタンプ:1579068128
[15-Jan-2020 06:02:08 UTC] デバッグ:未ログインユーザーです
[15-Jan-2020 06:02:08 UTC] デバッグ:画面表示終了<<<<<<<<<<<<<<<<<<<<<<<<<<<<<<<<<
[15-Jan-2020 06:02:08 UTC] デバッグ:未ログインユーザーです
[15-Jan-2020 06:11:53 UTC] デバッグ:「「「「「「「「「「「「「「「「「「「「「「「「「「「
[15-Jan-2020 06:11:53 UTC] デバッグ:「ログインページ「
[15-Jan-2020 06:11:53 UTC] デバッグ:「「「「「「「「「「「「「「「「「「「「「「「「「「「
[15-Jan-2020 06:11:53 UTC] デバッグ:>>>>>>>>>>>>>>>>>>>>>>> 画面処理開始
[15-Jan-2020 06:11:53 UTC] デバッグ:セッションID:1phuh3vf01ki58c151hkurlrrv
[15-Jan-2020 06:11:53 UTC] デバッグ:セッション変数の中身:Array
(
)

[15-Jan-2020 06:11:53 UTC] デバッグ:現在日時スタンプ:1579068713
[15-Jan-2020 06:11:53 UTC] デバッグ:未ログインユーザーです
[15-Jan-2020 06:11:53 UTC] デバッグ:画面表示終了<<<<<<<<<<<<<<<<<<<<<<<<<<<<<<<<<
[15-Jan-2020 06:11:53 UTC] デバッグ:未ログインユーザーです
[15-Jan-2020 06:11:56 UTC] デバッグ:「「「「「「「「「「「「「「「「「「「「「「「「「「「
[15-Jan-2020 06:11:56 UTC] デバッグ:「ログインページ「
[15-Jan-2020 06:11:56 UTC] デバッグ:「「「「「「「「「「「「「「「「「「「「「「「「「「「
[15-Jan-2020 06:11:56 UTC] デバッグ:>>>>>>>>>>>>>>>>>>>>>>> 画面処理開始
[15-Jan-2020 06:11:56 UTC] デバッグ:セッションID:jiad0spr56p2fcid4kktbq066m
[15-Jan-2020 06:11:56 UTC] デバッグ:セッション変数の中身:Array
(
)

[15-Jan-2020 06:11:56 UTC] デバッグ:現在日時スタンプ:1579068716
[15-Jan-2020 06:11:56 UTC] デバッグ:未ログインユーザーです
[15-Jan-2020 06:11:56 UTC] デバッグ:画面表示終了<<<<<<<<<<<<<<<<<<<<<<<<<<<<<<<<<
[15-Jan-2020 06:11:56 UTC] デバッグ:未ログインユーザーです
[15-Jan-2020 06:12:26 UTC] デバッグ:「「「「「「「「「「「「「「「「「「「「「「「「「「「
[15-Jan-2020 06:12:26 UTC] デバッグ:「ログインページ「
[15-Jan-2020 06:12:26 UTC] デバッグ:「「「「「「「「「「「「「「「「「「「「「「「「「「「
[15-Jan-2020 06:12:26 UTC] デバッグ:>>>>>>>>>>>>>>>>>>>>>>> 画面処理開始
[15-Jan-2020 06:12:26 UTC] デバッグ:セッションID:1cp375756s6vtj2g1r0pt7kh57
[15-Jan-2020 06:12:26 UTC] デバッグ:セッション変数の中身:Array
(
)

[15-Jan-2020 06:12:26 UTC] デバッグ:現在日時スタンプ:1579068746
[15-Jan-2020 06:12:26 UTC] デバッグ:未ログインユーザーです
[15-Jan-2020 06:12:26 UTC] デバッグ:画面表示終了<<<<<<<<<<<<<<<<<<<<<<<<<<<<<<<<<
[15-Jan-2020 06:12:26 UTC] デバッグ:未ログインユーザーです
